<?xml version="1.0" encoding="UTF-8"?>
<testsuite xmlns:xsi="http://www.w3.org/2001/XMLSchema-instance" xsi:noNamespaceSchemaLocation="https://maven.apache.org/surefire/maven-surefire-plugin/xsd/surefire-test-report-3.0.xsd" version="3.0" name="TestSuite" time="117.67" tests="7" errors="0" skipped="0" failures="0">
  <properties>
[...]
</properties>
  <testcase name="partnersShopifyLogin" classname="io.vtcustomer.PartnersShopify_demo2" time="20.282">
    <system-out><![CDATA[In Side BeforeTest..
]]></system-out>
    <system-err><![CDATA[SLF4J: Failed to load class "org.slf4j.impl.StaticLoggerBinder".
SLF4J: Defaulting to no-operation (NOP) logger implementation
SLF4J: See http://www.slf4j.org/codes.html#StaticLoggerBinder for further details.
Starting ChromeDriver 92.0.4515.107 (87a818b10553a07434ea9e2b6dccf3cbe7895134-refs/branch-heads/4515@{#1634}) on port 10019
Only local connections are allowed.
Please see https://chromedriver.chromium.org/security-considerations for suggestions on keeping ChromeDriver safe.
ChromeDriver was started successfully.
Aug 19, 2021 8:10:15 PM org.openqa.selenium.remote.ProtocolHandshake createSession
INFO: Detected dialect: W3C
]]></system-err>
  </testcase>
  <testcase name="myShopify_admin" classname="io.vtcustomer.PartnersShopify_demo2" time="9.012">
    <system-out><![CDATA[count :   2
]]></system-out>
  </testcase>
  <testcase name="storeOnline" classname="io.vtcustomer.PartnersShopify_demo2" time="16.409">
    <system-out><![CDATA[count :   3
]]></system-out>
  </testcase>
  <testcase name="buyItNow" classname="io.vtcustomer.PartnersShopify_demo2" time="15.86">
    <system-out><![CDATA[BuyItNow.....
]]></system-out>
  </testcase>
  <testcase name="cardPayment" classname="io.vtcustomer.PartnersShopify_demo2" time="15.748">
    <system-out><![CDATA[No. of iframes on the page are 7
Expected condition failed: waiting for visibility of element located by By.id: xyz (tried for 10 second(s) with 500 milliseconds interval)
]]></system-out>
  </testcase>
  <testcase name="vtUserLogin" classname="io.vtcustomer.VtCustomer_RiskManagement" time="18.932">
    <system-out><![CDATA[PASSED: partnersShopifyLogin
PASSED: cardPayment
PASSED: buyItNow
PASSED: storeOnline
PASSED: myShopify_admin

===============================================
    PartnersShopify
    Tests run: 5, Failures: 0, Skips: 0
===============================================

In Side BeforeTest..
]]></system-out>
    <system-err><![CDATA[Starting ChromeDriver 92.0.4515.107 (87a818b10553a07434ea9e2b6dccf3cbe7895134-refs/branch-heads/4515@{#1634}) on port 22448
Only local connections are allowed.
Please see https://chromedriver.chromium.org/security-considerations for suggestions on keeping ChromeDriver safe.
ChromeDriver was started successfully.
Aug 19, 2021 8:11:38 PM org.openqa.selenium.remote.ProtocolHandshake createSession
INFO: Detected dialect: W3C
]]></system-err>
  </testcase>
  <testcase name="showRiskManagement" classname="io.vtcustomer.VtCustomer_RiskManagement" time="10.458"/>
</testsuite>