<?xml version="1.0" encoding="UTF-8"?>
<!-- Generated by org.testng.reporters.JUnitXMLReporter -->
<testsuite ignored="2" hostname="DESKTOP-O214AM8" failures="0" tests="5" name="PartnersShopify" time="111.013" errors="0" timestamp="2021-08-22T12:11:53 IST">
  <testcase classname="io.vtcustomer.PartnersShopify_demo2" name="partnersShopifyLogin" time="24.917"/>
  <testcase classname="io.vtcustomer.PartnersShopify_demo2" name="myShopify_admin" time="11.001"/>
  <testcase classname="io.vtcustomer.PartnersShopify_demo2" name="storeOnline" time="21.913"/>
  <testcase classname="io.vtcustomer.PartnersShopify_demo2" name="buyItNow" time="16.531"/>
  <testcase classname="io.vtcustomer.PartnersShopify_demo2" name="cardPayment" time="15.012"/>
  <testcase classname="io.vtcustomer.PartnersShopify_demo2" name="vtUserLogin" time="0.0">
    <ignored/>
  </testcase> <!-- vtUserLogin -->
  <testcase classname="io.vtcustomer.PartnersShopify_demo2" name="showRiskManagement" time="0.0">
    <ignored/>
  </testcase> <!-- showRiskManagement -->
</testsuite> <!-- PartnersShopify -->
