<?xml version="1.0" encoding="UTF-8"?>
<!-- Generated by org.testng.reporters.JUnitXMLReporter -->
<testsuite ignored="0" hostname="DESKTOP-O214AM8" failures="0" tests="2" name="VtCustomer_RiskManagement" time="33.46" errors="0" timestamp="2021-08-19T20:12:10 IST">
  <testcase classname="io.vtcustomer.VtCustomer_RiskManagement" name="vtUserLogin" time="18.97"/>
  <testcase classname="io.vtcustomer.VtCustomer_RiskManagement" name="showRiskManagement" time="10.458"/>
</testsuite> <!-- VtCustomer_RiskManagement -->
